<html>
<head>
<title>TestNG:  Default test</title>
<link href="../testng.css" rel="stylesheet" type="text/css" />
<link href="../my-testng.css" rel="stylesheet" type="text/css" />

<style type="text/css">
.log { display: none;} 
.stack-trace { display: none;} 
</style>
<script type="text/javascript">
<!--
function flip(e) {
  current = e.style.display;
  if (current == 'block') {
    e.style.display = 'none';
    return 0;
  }
  else {
    e.style.display = 'block';
    return 1;
  }
}

function toggleBox(szDivId, elem, msg1, msg2)
{
  var res = -1;  if (document.getElementById) {
    res = flip(document.getElementById(szDivId));
  }
  else if (document.all) {
    // this is the way old msie versions work
    res = flip(document.all[szDivId]);
  }
  if(elem) {
    if(res == 0) elem.innerHTML = msg1; else elem.innerHTML = msg2;
  }

}

function toggleAllBoxes() {
  if (document.getElementsByTagName) {
    d = document.getElementsByTagName('div');
    for (i = 0; i < d.length; i++) {
      if (d[i].className == 'log') {
        flip(d[i]);
      }
    }
  }
}

// -->
</script>

</head>
<body>
<h2 align='center'>Default test</h2><table border='1' align="center">
<tr>
<td>Tests passed/Failed/Skipped:</td><td>0/6/0</td>
</tr><tr>
<td>Started on:</td><td>Thu Sep 27 15:27:01 IST 2018</td>
</tr>
<tr><td>Total time:</td><td>0 seconds (720 ms)</td>
</tr><tr>
<td>Included groups:</td><td></td>
</tr><tr>
<td>Excluded groups:</td><td></td>
</tr>
</table><p/>
<small><i>(Hover the method name to see the test class name)</i></small><p/>
<table width='100%' border='1' class='invocation-failed'>
<tr><td colspan='4' align='center'><b>FAILED TESTS</b></td></tr>
<tr><td><b>Test method</b></td>
<td width="30%"><b>Exception</b></td>
<td width="10%"><b>Time (seconds)</b></td>
<td><b>Instance</b></td>
</tr>
<tr>
<td title='ApiRestAutomation.RestApi.GetUserdetails.Test_01()'><b>Test_01</b><br>Test class: ApiRestAutomation.RestApi.GetUserdetails</td>
<td><div><pre>java.lang.NoClassDefFoundError: Lgroovy/lang/Tuple2;
	at java.lang.Class.getDeclaredFields0(Native Method)
	at java.lang.Class.privateGetDeclaredFields(Unknown Source)
	at java.lang.Class.getDeclaredFields(Unknown Source)
	at org.codehaus.groovy.reflection.CachedClass$1$1.run(CachedClass.java:48)
	at java.security.AccessController.doPrivileged(Native Method)
	at org.codehaus.groovy.reflection.CachedClass$1.initValue(CachedClass.java:45)
	at org.codehaus.groovy.reflection.CachedClass$1.initValue(CachedClass.java:43)
	at org.codehaus.groovy.util.LazyReference.getLocked(LazyReference.java:46)
	at org.codehaus.groovy.util.LazyReference.get(LazyReference.java:33)
	at org.codehaus.groovy.reflection.CachedClass.getFields(CachedClass.java:254)
	at groovy.lang.MetaClassImpl.addFields(MetaClassImpl.java:2363)
	at groovy.lang.MetaClassImpl.inheritFields(MetaClassImpl.java:2358)
	at groovy.lang.MetaClassImpl.setupProperties(MetaClassImpl.java:2248)
	at groovy.lang.MetaClassImpl.addProperties(MetaClassImpl.java:3255)
	at groovy.lang.MetaClassImpl.initialize(MetaClassImpl.java:3226)
	at org.codehaus.groovy.reflection.ClassInfo.getMetaClassUnderLock(ClassInfo.java:210)
	at org.codehaus.groovy.reflection.ClassInfo.getMetaClass(ClassInfo.java:241)
	at com.jayway.restassured.internal.ResponseSpecificationImpl.$getStaticMetaClass(ResponseSpecificationImpl.groovy)
	at com.jayway.restassured.internal.ResponseSpecificationImpl.&lt;init&gt;(ResponseSpecificationImpl.groovy:49)
	at com.jayway.restassured.internal.ResponseSpecificationImpl.&lt;init&gt;(ResponseSpecificationImpl.groovy:64)
	at com.jayway.restassured.RestAssured.createTestSpecification(RestAssured.java:1447)
	at com.jayway.restassured.RestAssured.when(RestAssured.java:761)
	at ApiRestAutomation.RestApi.GetUserdetails.Test_01(GetUserdetails.java:15)
	at sun.reflect.NativeMethodAccessorImpl.invoke0(Native Method)
	at sun.reflect.NativeMethodAccessorImpl.invoke(Unknown Source)
	at sun.reflect.DelegatingMethodAccessorImpl.invoke(Unknown Source)
	at java.lang.reflect.Method.invoke(Unknown Source)
	at org.testng.internal.MethodInvocationHelper.invokeMethod(MethodInvocationHelper.java:124)
	at org.testng.internal.Invoker.invokeMethod(Invoker.java:580)
	at org.testng.internal.Invoker.invokeTestMethod(Invoker.java:716)
	at org.testng.internal.Invoker.invokeTestMethods(Invoker.java:988)
	at org.testng.internal.TestMethodWorker.invokeTestMethods(TestMethodWorker.java:125)
	at org.testng.internal.TestMethodWorker.run(TestMethodWorker.java:109)
	at org.testng.TestRunner.privateRun(TestRunner.java:648)
	at org.testng.TestRunner.run(TestRunner.java:505)
	at org.testng.SuiteRunner.runTest(SuiteRunner.java:455)
	at org.testng.SuiteRunner.runSequentially(SuiteRunner.java:450)
	at org.testng.SuiteRunner.privateRun(SuiteRunner.java:415)
	at org.testng.SuiteRunner.run(SuiteRunner.java:364)
	at org.testng.SuiteRunnerWorker.runSuite(SuiteRunnerWorker.java:52)
	at org.testng.SuiteRunnerWorker.run(SuiteRunnerWorker.java:84)
	at org.testng.TestNG.runSuitesSequentially(TestNG.java:1208)
	at org.testng.TestNG.runSuitesLocally(TestNG.java:1137)
	at org.testng.TestNG.runSuites(TestNG.java:1049)
	at org.testng.TestNG.run(TestNG.java:1017)
	at org.testng.remote.AbstractRemoteTestNG.run(AbstractRemoteTestNG.java:114)
	at org.testng.remote.RemoteTestNG.initAndRun(RemoteTestNG.java:251)
	at org.testng.remote.RemoteTestNG.main(RemoteTestNG.java:77)
Caused by: java.lang.ClassNotFoundException: groovy.lang.Tuple2
	at java.net.URLClassLoader.findClass(Unknown Source)
	at java.lang.ClassLoader.loadClass(Unknown Source)
	at sun.misc.Launcher$AppClassLoader.loadClass(Unknown Source)
	at java.lang.ClassLoader.loadClass(Unknown Source)
	... 48 more
</pre></div><a href='#' onClick='toggleBox("stack-trace1944201789", this, "Click to show all stack frames", "Click to hide stack frames")'>Click to show all stack frames</a>
<div class='stack-trace' id='stack-trace1944201789'><pre>java.lang.NoClassDefFoundError: Lgroovy/lang/Tuple2;
	at java.lang.Class.getDeclaredFields0(Native Method)
	at java.lang.Class.privateGetDeclaredFields(Unknown Source)
	at java.lang.Class.getDeclaredFields(Unknown Source)
	at org.codehaus.groovy.reflection.CachedClass$1$1.run(CachedClass.java:48)
	at java.security.AccessController.doPrivileged(Native Method)
	at org.codehaus.groovy.reflection.CachedClass$1.initValue(CachedClass.java:45)
	at org.codehaus.groovy.reflection.CachedClass$1.initValue(CachedClass.java:43)
	at org.codehaus.groovy.util.LazyReference.getLocked(LazyReference.java:46)
	at org.codehaus.groovy.util.LazyReference.get(LazyReference.java:33)
	at org.codehaus.groovy.reflection.CachedClass.getFields(CachedClass.java:254)
	at groovy.lang.MetaClassImpl.addFields(MetaClassImpl.java:2363)
	at groovy.lang.MetaClassImpl.inheritFields(MetaClassImpl.java:2358)
	at groovy.lang.MetaClassImpl.setupProperties(MetaClassImpl.java:2248)
	at groovy.lang.MetaClassImpl.addProperties(MetaClassImpl.java:3255)
	at groovy.lang.MetaClassImpl.initialize(MetaClassImpl.java:3226)
	at org.codehaus.groovy.reflection.ClassInfo.getMetaClassUnderLock(ClassInfo.java:210)
	at org.codehaus.groovy.reflection.ClassInfo.getMetaClass(ClassInfo.java:241)
	at com.jayway.restassured.internal.ResponseSpecificationImpl.$getStaticMetaClass(ResponseSpecificationImpl.groovy)
	at com.jayway.restassured.internal.ResponseSpecificationImpl.&lt;init&gt;(ResponseSpecificationImpl.groovy:49)
	at com.jayway.restassured.internal.ResponseSpecificationImpl.&lt;init&gt;(ResponseSpecificationImpl.groovy:64)
	at com.jayway.restassured.RestAssured.createTestSpecification(RestAssured.java:1447)
	at com.jayway.restassured.RestAssured.when(RestAssured.java:761)
	at ApiRestAutomation.RestApi.GetUserdetails.Test_01(GetUserdetails.java:15)
	at sun.reflect.NativeMethodAccessorImpl.invoke0(Native Method)
	at sun.reflect.NativeMethodAccessorImpl.invoke(Unknown Source)
	at sun.reflect.DelegatingMethodAccessorImpl.invoke(Unknown Source)
	at java.lang.reflect.Method.invoke(Unknown Source)
	at org.testng.internal.MethodInvocationHelper.invokeMethod(MethodInvocationHelper.java:124)
	at org.testng.internal.Invoker.invokeMethod(Invoker.java:580)
	at org.testng.internal.Invoker.invokeTestMethod(Invoker.java:716)
	at org.testng.internal.Invoker.invokeTestMethods(Invoker.java:988)
	at org.testng.internal.TestMethodWorker.invokeTestMethods(TestMethodWorker.java:125)
	at org.testng.internal.TestMethodWorker.run(TestMethodWorker.java:109)
	at org.testng.TestRunner.privateRun(TestRunner.java:648)
	at org.testng.TestRunner.run(TestRunner.java:505)
	at org.testng.SuiteRunner.runTest(SuiteRunner.java:455)
	at org.testng.SuiteRunner.runSequentially(SuiteRunner.java:450)
	at org.testng.SuiteRunner.privateRun(SuiteRunner.java:415)
	at org.testng.SuiteRunner.run(SuiteRunner.java:364)
	at org.testng.SuiteRunnerWorker.runSuite(SuiteRunnerWorker.java:52)
	at org.testng.SuiteRunnerWorker.run(SuiteRunnerWorker.java:84)
	at org.testng.TestNG.runSuitesSequentially(TestNG.java:1208)
	at org.testng.TestNG.runSuitesLocally(TestNG.java:1137)
	at org.testng.TestNG.runSuites(TestNG.java:1049)
	at org.testng.TestNG.run(TestNG.java:1017)
	at org.testng.remote.AbstractRemoteTestNG.run(AbstractRemoteTestNG.java:114)
	at org.testng.remote.RemoteTestNG.initAndRun(RemoteTestNG.java:251)
	at org.testng.remote.RemoteTestNG.main(RemoteTestNG.java:77)
Caused by: java.lang.ClassNotFoundException: groovy.lang.Tuple2
	at java.net.URLClassLoader.findClass(Unknown Source)
	at java.lang.ClassLoader.loadClass(Unknown Source)
	at sun.misc.Launcher$AppClassLoader.loadClass(Unknown Source)
	at java.lang.ClassLoader.loadClass(Unknown Source)
	... 48 more
</pre></div></td>
<td>0</td>
<td>ApiRestAutomation.RestApi.GetUserdetails@464bee09</td></tr>
<tr>
<td title='ApiRestAutomation.RestApi.GetUserdetails.Test_02()'><b>Test_02</b><br>Test class: ApiRestAutomation.RestApi.GetUserdetails</td>
<td><div><pre>java.lang.NoClassDefFoundError: Lgroovy/lang/Tuple2;
	at java.lang.Class.getDeclaredFields0(Native Method)
	at java.lang.Class.privateGetDeclaredFields(Unknown Source)
	at java.lang.Class.getDeclaredFields(Unknown Source)
	at org.codehaus.groovy.reflection.CachedClass$1$1.run(CachedClass.java:48)
	at java.security.AccessController.doPrivileged(Native Method)
	at org.codehaus.groovy.reflection.CachedClass$1.initValue(CachedClass.java:45)
	at org.codehaus.groovy.reflection.CachedClass$1.initValue(CachedClass.java:43)
	at org.codehaus.groovy.util.LazyReference.getLocked(LazyReference.java:46)
	at org.codehaus.groovy.util.LazyReference.get(LazyReference.java:33)
	at org.codehaus.groovy.reflection.CachedClass.getFields(CachedClass.java:254)
	at groovy.lang.MetaClassImpl.addFields(MetaClassImpl.java:2363)
	at groovy.lang.MetaClassImpl.inheritFields(MetaClassImpl.java:2358)
	at groovy.lang.MetaClassImpl.setupProperties(MetaClassImpl.java:2248)
	at groovy.lang.MetaClassImpl.addProperties(MetaClassImpl.java:3255)
	at groovy.lang.MetaClassImpl.initialize(MetaClassImpl.java:3226)
	at org.codehaus.groovy.reflection.ClassInfo.getMetaClassUnderLock(ClassInfo.java:210)
	at org.codehaus.groovy.reflection.ClassInfo.getMetaClass(ClassInfo.java:241)
	at com.jayway.restassured.internal.ResponseSpecificationImpl.$getStaticMetaClass(ResponseSpecificationImpl.groovy)
	at com.jayway.restassured.internal.ResponseSpecificationImpl.&lt;init&gt;(ResponseSpecificationImpl.groovy:49)
	at com.jayway.restassured.internal.ResponseSpecificationImpl.&lt;init&gt;(ResponseSpecificationImpl.groovy:64)
	at com.jayway.restassured.RestAssured.createTestSpecification(RestAssured.java:1447)
	at com.jayway.restassured.RestAssured.when(RestAssured.java:761)
	at ApiRestAutomation.RestApi.GetUserdetails.Test_02(GetUserdetails.java:24)
	at sun.reflect.NativeMethodAccessorImpl.invoke0(Native Method)
	at sun.reflect.NativeMethodAccessorImpl.invoke(Unknown Source)
	at sun.reflect.DelegatingMethodAccessorImpl.invoke(Unknown Source)
	at java.lang.reflect.Method.invoke(Unknown Source)
	at org.testng.internal.MethodInvocationHelper.invokeMethod(MethodInvocationHelper.java:124)
	at org.testng.internal.Invoker.invokeMethod(Invoker.java:580)
	at org.testng.internal.Invoker.invokeTestMethod(Invoker.java:716)
	at org.testng.internal.Invoker.invokeTestMethods(Invoker.java:988)
	at org.testng.internal.TestMethodWorker.invokeTestMethods(TestMethodWorker.java:125)
	at org.testng.internal.TestMethodWorker.run(TestMethodWorker.java:109)
	at org.testng.TestRunner.privateRun(TestRunner.java:648)
	at org.testng.TestRunner.run(TestRunner.java:505)
	at org.testng.SuiteRunner.runTest(SuiteRunner.java:455)
	at org.testng.SuiteRunner.runSequentially(SuiteRunner.java:450)
	at org.testng.SuiteRunner.privateRun(SuiteRunner.java:415)
	at org.testng.SuiteRunner.run(SuiteRunner.java:364)
	at org.testng.SuiteRunnerWorker.runSuite(SuiteRunnerWorker.java:52)
	at org.testng.SuiteRunnerWorker.run(SuiteRunnerWorker.java:84)
	at org.testng.TestNG.runSuitesSequentially(TestNG.java:1208)
	at org.testng.TestNG.runSuitesLocally(TestNG.java:1137)
	at org.testng.TestNG.runSuites(TestNG.java:1049)
	at org.testng.TestNG.run(TestNG.java:1017)
	at org.testng.remote.AbstractRemoteTestNG.run(AbstractRemoteTestNG.java:114)
	at org.testng.remote.RemoteTestNG.initAndRun(RemoteTestNG.java:251)
	at org.testng.remote.RemoteTestNG.main(RemoteTestNG.java:77)
Caused by: java.lang.ClassNotFoundException: groovy.lang.Tuple2
	at java.net.URLClassLoader.findClass(Unknown Source)
	at java.lang.ClassLoader.loadClass(Unknown Source)
	at sun.misc.Launcher$AppClassLoader.loadClass(Unknown Source)
	at java.lang.ClassLoader.loadClass(Unknown Source)
	... 48 more
</pre></div><a href='#' onClick='toggleBox("stack-trace259219561", this, "Click to show all stack frames", "Click to hide stack frames")'>Click to show all stack frames</a>
<div class='stack-trace' id='stack-trace259219561'><pre>java.lang.NoClassDefFoundError: Lgroovy/lang/Tuple2;
	at java.lang.Class.getDeclaredFields0(Native Method)
	at java.lang.Class.privateGetDeclaredFields(Unknown Source)
	at java.lang.Class.getDeclaredFields(Unknown Source)
	at org.codehaus.groovy.reflection.CachedClass$1$1.run(CachedClass.java:48)
	at java.security.AccessController.doPrivileged(Native Method)
	at org.codehaus.groovy.reflection.CachedClass$1.initValue(CachedClass.java:45)
	at org.codehaus.groovy.reflection.CachedClass$1.initValue(CachedClass.java:43)
	at org.codehaus.groovy.util.LazyReference.getLocked(LazyReference.java:46)
	at org.codehaus.groovy.util.LazyReference.get(LazyReference.java:33)
	at org.codehaus.groovy.reflection.CachedClass.getFields(CachedClass.java:254)
	at groovy.lang.MetaClassImpl.addFields(MetaClassImpl.java:2363)
	at groovy.lang.MetaClassImpl.inheritFields(MetaClassImpl.java:2358)
	at groovy.lang.MetaClassImpl.setupProperties(MetaClassImpl.java:2248)
	at groovy.lang.MetaClassImpl.addProperties(MetaClassImpl.java:3255)
	at groovy.lang.MetaClassImpl.initialize(MetaClassImpl.java:3226)
	at org.codehaus.groovy.reflection.ClassInfo.getMetaClassUnderLock(ClassInfo.java:210)
	at org.codehaus.groovy.reflection.ClassInfo.getMetaClass(ClassInfo.java:241)
	at com.jayway.restassured.internal.ResponseSpecificationImpl.$getStaticMetaClass(ResponseSpecificationImpl.groovy)
	at com.jayway.restassured.internal.ResponseSpecificationImpl.&lt;init&gt;(ResponseSpecificationImpl.groovy:49)
	at com.jayway.restassured.internal.ResponseSpecificationImpl.&lt;init&gt;(ResponseSpecificationImpl.groovy:64)
	at com.jayway.restassured.RestAssured.createTestSpecification(RestAssured.java:1447)
	at com.jayway.restassured.RestAssured.when(RestAssured.java:761)
	at ApiRestAutomation.RestApi.GetUserdetails.Test_02(GetUserdetails.java:24)
	at sun.reflect.NativeMethodAccessorImpl.invoke0(Native Method)
	at sun.reflect.NativeMethodAccessorImpl.invoke(Unknown Source)
	at sun.reflect.DelegatingMethodAccessorImpl.invoke(Unknown Source)
	at java.lang.reflect.Method.invoke(Unknown Source)
	at org.testng.internal.MethodInvocationHelper.invokeMethod(MethodInvocationHelper.java:124)
	at org.testng.internal.Invoker.invokeMethod(Invoker.java:580)
	at org.testng.internal.Invoker.invokeTestMethod(Invoker.java:716)
	at org.testng.internal.Invoker.invokeTestMethods(Invoker.java:988)
	at org.testng.internal.TestMethodWorker.invokeTestMethods(TestMethodWorker.java:125)
	at org.testng.internal.TestMethodWorker.run(TestMethodWorker.java:109)
	at org.testng.TestRunner.privateRun(TestRunner.java:648)
	at org.testng.TestRunner.run(TestRunner.java:505)
	at org.testng.SuiteRunner.runTest(SuiteRunner.java:455)
	at org.testng.SuiteRunner.runSequentially(SuiteRunner.java:450)
	at org.testng.SuiteRunner.privateRun(SuiteRunner.java:415)
	at org.testng.SuiteRunner.run(SuiteRunner.java:364)
	at org.testng.SuiteRunnerWorker.runSuite(SuiteRunnerWorker.java:52)
	at org.testng.SuiteRunnerWorker.run(SuiteRunnerWorker.java:84)
	at org.testng.TestNG.runSuitesSequentially(TestNG.java:1208)
	at org.testng.TestNG.runSuitesLocally(TestNG.java:1137)
	at org.testng.TestNG.runSuites(TestNG.java:1049)
	at org.testng.TestNG.run(TestNG.java:1017)
	at org.testng.remote.AbstractRemoteTestNG.run(AbstractRemoteTestNG.java:114)
	at org.testng.remote.RemoteTestNG.initAndRun(RemoteTestNG.java:251)
	at org.testng.remote.RemoteTestNG.main(RemoteTestNG.java:77)
Caused by: java.lang.ClassNotFoundException: groovy.lang.Tuple2
	at java.net.URLClassLoader.findClass(Unknown Source)
	at java.lang.ClassLoader.loadClass(Unknown Source)
	at sun.misc.Launcher$AppClassLoader.loadClass(Unknown Source)
	at java.lang.ClassLoader.loadClass(Unknown Source)
	... 48 more
</pre></div></td>
<td>0</td>
<td>ApiRestAutomation.RestApi.GetUserdetails@464bee09</td></tr>
<tr>
<td title='ApiRestAutomation.RestApi.GetUserdetails.Test_03()'><b>Test_03</b><br>Test class: ApiRestAutomation.RestApi.GetUserdetails</td>
<td><div><pre>java.lang.NoClassDefFoundError: Lgroovy/lang/Tuple2;
	at java.lang.Class.getDeclaredFields0(Native Method)
	at java.lang.Class.privateGetDeclaredFields(Unknown Source)
	at java.lang.Class.getDeclaredFields(Unknown Source)
	at org.codehaus.groovy.reflection.CachedClass$1$1.run(CachedClass.java:48)
	at java.security.AccessController.doPrivileged(Native Method)
	at org.codehaus.groovy.reflection.CachedClass$1.initValue(CachedClass.java:45)
	at org.codehaus.groovy.reflection.CachedClass$1.initValue(CachedClass.java:43)
	at org.codehaus.groovy.util.LazyReference.getLocked(LazyReference.java:46)
	at org.codehaus.groovy.util.LazyReference.get(LazyReference.java:33)
	at org.codehaus.groovy.reflection.CachedClass.getFields(CachedClass.java:254)
	at groovy.lang.MetaClassImpl.addFields(MetaClassImpl.java:2363)
	at groovy.lang.MetaClassImpl.inheritFields(MetaClassImpl.java:2358)
	at groovy.lang.MetaClassImpl.setupProperties(MetaClassImpl.java:2248)
	at groovy.lang.MetaClassImpl.addProperties(MetaClassImpl.java:3255)
	at groovy.lang.MetaClassImpl.initialize(MetaClassImpl.java:3226)
	at org.codehaus.groovy.reflection.ClassInfo.getMetaClassUnderLock(ClassInfo.java:210)
	at org.codehaus.groovy.reflection.ClassInfo.getMetaClass(ClassInfo.java:241)
	at com.jayway.restassured.internal.ResponseSpecificationImpl.$getStaticMetaClass(ResponseSpecificationImpl.groovy)
	at com.jayway.restassured.internal.ResponseSpecificationImpl.&lt;init&gt;(ResponseSpecificationImpl.groovy:49)
	at com.jayway.restassured.internal.ResponseSpecificationImpl.&lt;init&gt;(ResponseSpecificationImpl.groovy:64)
	at com.jayway.restassured.RestAssured.createTestSpecification(RestAssured.java:1447)
	at com.jayway.restassured.RestAssured.given(RestAssured.java:741)
	at ApiRestAutomation.RestApi.GetUserdetails.Test_03(GetUserdetails.java:33)
	at sun.reflect.NativeMethodAccessorImpl.invoke0(Native Method)
	at sun.reflect.NativeMethodAccessorImpl.invoke(Unknown Source)
	at sun.reflect.DelegatingMethodAccessorImpl.invoke(Unknown Source)
	at java.lang.reflect.Method.invoke(Unknown Source)
	at org.testng.internal.MethodInvocationHelper.invokeMethod(MethodInvocationHelper.java:124)
	at org.testng.internal.Invoker.invokeMethod(Invoker.java:580)
	at org.testng.internal.Invoker.invokeTestMethod(Invoker.java:716)
	at org.testng.internal.Invoker.invokeTestMethods(Invoker.java:988)
	at org.testng.internal.TestMethodWorker.invokeTestMethods(TestMethodWorker.java:125)
	at org.testng.internal.TestMethodWorker.run(TestMethodWorker.java:109)
	at org.testng.TestRunner.privateRun(TestRunner.java:648)
	at org.testng.TestRunner.run(TestRunner.java:505)
	at org.testng.SuiteRunner.runTest(SuiteRunner.java:455)
	at org.testng.SuiteRunner.runSequentially(SuiteRunner.java:450)
	at org.testng.SuiteRunner.privateRun(SuiteRunner.java:415)
	at org.testng.SuiteRunner.run(SuiteRunner.java:364)
	at org.testng.SuiteRunnerWorker.runSuite(SuiteRunnerWorker.java:52)
	at org.testng.SuiteRunnerWorker.run(SuiteRunnerWorker.java:84)
	at org.testng.TestNG.runSuitesSequentially(TestNG.java:1208)
	at org.testng.TestNG.runSuitesLocally(TestNG.java:1137)
	at org.testng.TestNG.runSuites(TestNG.java:1049)
	at org.testng.TestNG.run(TestNG.java:1017)
	at org.testng.remote.AbstractRemoteTestNG.run(AbstractRemoteTestNG.java:114)
	at org.testng.remote.RemoteTestNG.initAndRun(RemoteTestNG.java:251)
	at org.testng.remote.RemoteTestNG.main(RemoteTestNG.java:77)
Caused by: java.lang.ClassNotFoundException: groovy.lang.Tuple2
	at java.net.URLClassLoader.findClass(Unknown Source)
	at java.lang.ClassLoader.loadClass(Unknown Source)
	at sun.misc.Launcher$AppClassLoader.loadClass(Unknown Source)
	at java.lang.ClassLoader.loadClass(Unknown Source)
	... 48 more
</pre></div><a href='#' onClick='toggleBox("stack-trace1110031167", this, "Click to show all stack frames", "Click to hide stack frames")'>Click to show all stack frames</a>
<div class='stack-trace' id='stack-trace1110031167'><pre>java.lang.NoClassDefFoundError: Lgroovy/lang/Tuple2;
	at java.lang.Class.getDeclaredFields0(Native Method)
	at java.lang.Class.privateGetDeclaredFields(Unknown Source)
	at java.lang.Class.getDeclaredFields(Unknown Source)
	at org.codehaus.groovy.reflection.CachedClass$1$1.run(CachedClass.java:48)
	at java.security.AccessController.doPrivileged(Native Method)
	at org.codehaus.groovy.reflection.CachedClass$1.initValue(CachedClass.java:45)
	at org.codehaus.groovy.reflection.CachedClass$1.initValue(CachedClass.java:43)
	at org.codehaus.groovy.util.LazyReference.getLocked(LazyReference.java:46)
	at org.codehaus.groovy.util.LazyReference.get(LazyReference.java:33)
	at org.codehaus.groovy.reflection.CachedClass.getFields(CachedClass.java:254)
	at groovy.lang.MetaClassImpl.addFields(MetaClassImpl.java:2363)
	at groovy.lang.MetaClassImpl.inheritFields(MetaClassImpl.java:2358)
	at groovy.lang.MetaClassImpl.setupProperties(MetaClassImpl.java:2248)
	at groovy.lang.MetaClassImpl.addProperties(MetaClassImpl.java:3255)
	at groovy.lang.MetaClassImpl.initialize(MetaClassImpl.java:3226)
	at org.codehaus.groovy.reflection.ClassInfo.getMetaClassUnderLock(ClassInfo.java:210)
	at org.codehaus.groovy.reflection.ClassInfo.getMetaClass(ClassInfo.java:241)
	at com.jayway.restassured.internal.ResponseSpecificationImpl.$getStaticMetaClass(ResponseSpecificationImpl.groovy)
	at com.jayway.restassured.internal.ResponseSpecificationImpl.&lt;init&gt;(ResponseSpecificationImpl.groovy:49)
	at com.jayway.restassured.internal.ResponseSpecificationImpl.&lt;init&gt;(ResponseSpecificationImpl.groovy:64)
	at com.jayway.restassured.RestAssured.createTestSpecification(RestAssured.java:1447)
	at com.jayway.restassured.RestAssured.given(RestAssured.java:741)
	at ApiRestAutomation.RestApi.GetUserdetails.Test_03(GetUserdetails.java:33)
	at sun.reflect.NativeMethodAccessorImpl.invoke0(Native Method)
	at sun.reflect.NativeMethodAccessorImpl.invoke(Unknown Source)
	at sun.reflect.DelegatingMethodAccessorImpl.invoke(Unknown Source)
	at java.lang.reflect.Method.invoke(Unknown Source)
	at org.testng.internal.MethodInvocationHelper.invokeMethod(MethodInvocationHelper.java:124)
	at org.testng.internal.Invoker.invokeMethod(Invoker.java:580)
	at org.testng.internal.Invoker.invokeTestMethod(Invoker.java:716)
	at org.testng.internal.Invoker.invokeTestMethods(Invoker.java:988)
	at org.testng.internal.TestMethodWorker.invokeTestMethods(TestMethodWorker.java:125)
	at org.testng.internal.TestMethodWorker.run(TestMethodWorker.java:109)
	at org.testng.TestRunner.privateRun(TestRunner.java:648)
	at org.testng.TestRunner.run(TestRunner.java:505)
	at org.testng.SuiteRunner.runTest(SuiteRunner.java:455)
	at org.testng.SuiteRunner.runSequentially(SuiteRunner.java:450)
	at org.testng.SuiteRunner.privateRun(SuiteRunner.java:415)
	at org.testng.SuiteRunner.run(SuiteRunner.java:364)
	at org.testng.SuiteRunnerWorker.runSuite(SuiteRunnerWorker.java:52)
	at org.testng.SuiteRunnerWorker.run(SuiteRunnerWorker.java:84)
	at org.testng.TestNG.runSuitesSequentially(TestNG.java:1208)
	at org.testng.TestNG.runSuitesLocally(TestNG.java:1137)
	at org.testng.TestNG.runSuites(TestNG.java:1049)
	at org.testng.TestNG.run(TestNG.java:1017)
	at org.testng.remote.AbstractRemoteTestNG.run(AbstractRemoteTestNG.java:114)
	at org.testng.remote.RemoteTestNG.initAndRun(RemoteTestNG.java:251)
	at org.testng.remote.RemoteTestNG.main(RemoteTestNG.java:77)
Caused by: java.lang.ClassNotFoundException: groovy.lang.Tuple2
	at java.net.URLClassLoader.findClass(Unknown Source)
	at java.lang.ClassLoader.loadClass(Unknown Source)
	at sun.misc.Launcher$AppClassLoader.loadClass(Unknown Source)
	at java.lang.ClassLoader.loadClass(Unknown Source)
	... 48 more
</pre></div></td>
<td>0</td>
<td>ApiRestAutomation.RestApi.GetUserdetails@464bee09</td></tr>
<tr>
<td title='ApiRestAutomation.RestApi.GetUserdetails.Test_04()'><b>Test_04</b><br>Test class: ApiRestAutomation.RestApi.GetUserdetails</td>
<td><div><pre>java.lang.NoClassDefFoundError: Lgroovy/lang/Tuple2;
	at java.lang.Class.getDeclaredFields0(Native Method)
	at java.lang.Class.privateGetDeclaredFields(Unknown Source)
	at java.lang.Class.getDeclaredFields(Unknown Source)
	at org.codehaus.groovy.reflection.CachedClass$1$1.run(CachedClass.java:48)
	at java.security.AccessController.doPrivileged(Native Method)
	at org.codehaus.groovy.reflection.CachedClass$1.initValue(CachedClass.java:45)
	at org.codehaus.groovy.reflection.CachedClass$1.initValue(CachedClass.java:43)
	at org.codehaus.groovy.util.LazyReference.getLocked(LazyReference.java:46)
	at org.codehaus.groovy.util.LazyReference.get(LazyReference.java:33)
	at org.codehaus.groovy.reflection.CachedClass.getFields(CachedClass.java:254)
	at groovy.lang.MetaClassImpl.addFields(MetaClassImpl.java:2363)
	at groovy.lang.MetaClassImpl.inheritFields(MetaClassImpl.java:2358)
	at groovy.lang.MetaClassImpl.setupProperties(MetaClassImpl.java:2248)
	at groovy.lang.MetaClassImpl.addProperties(MetaClassImpl.java:3255)
	at groovy.lang.MetaClassImpl.initialize(MetaClassImpl.java:3226)
	at org.codehaus.groovy.reflection.ClassInfo.getMetaClassUnderLock(ClassInfo.java:210)
	at org.codehaus.groovy.reflection.ClassInfo.getMetaClass(ClassInfo.java:241)
	at com.jayway.restassured.internal.ResponseSpecificationImpl.$getStaticMetaClass(ResponseSpecificationImpl.groovy)
	at com.jayway.restassured.internal.ResponseSpecificationImpl.&lt;init&gt;(ResponseSpecificationImpl.groovy:49)
	at com.jayway.restassured.internal.ResponseSpecificationImpl.&lt;init&gt;(ResponseSpecificationImpl.groovy:64)
	at com.jayway.restassured.RestAssured.createTestSpecification(RestAssured.java:1447)
	at com.jayway.restassured.RestAssured.given(RestAssured.java:741)
	at ApiRestAutomation.RestApi.GetUserdetails.Test_04(GetUserdetails.java:59)
	at sun.reflect.NativeMethodAccessorImpl.invoke0(Native Method)
	at sun.reflect.NativeMethodAccessorImpl.invoke(Unknown Source)
	at sun.reflect.DelegatingMethodAccessorImpl.invoke(Unknown Source)
	at java.lang.reflect.Method.invoke(Unknown Source)
	at org.testng.internal.MethodInvocationHelper.invokeMethod(MethodInvocationHelper.java:124)
	at org.testng.internal.Invoker.invokeMethod(Invoker.java:580)
	at org.testng.internal.Invoker.invokeTestMethod(Invoker.java:716)
	at org.testng.internal.Invoker.invokeTestMethods(Invoker.java:988)
	at org.testng.internal.TestMethodWorker.invokeTestMethods(TestMethodWorker.java:125)
	at org.testng.internal.TestMethodWorker.run(TestMethodWorker.java:109)
	at org.testng.TestRunner.privateRun(TestRunner.java:648)
	at org.testng.TestRunner.run(TestRunner.java:505)
	at org.testng.SuiteRunner.runTest(SuiteRunner.java:455)
	at org.testng.SuiteRunner.runSequentially(SuiteRunner.java:450)
	at org.testng.SuiteRunner.privateRun(SuiteRunner.java:415)
	at org.testng.SuiteRunner.run(SuiteRunner.java:364)
	at org.testng.SuiteRunnerWorker.runSuite(SuiteRunnerWorker.java:52)
	at org.testng.SuiteRunnerWorker.run(SuiteRunnerWorker.java:84)
	at org.testng.TestNG.runSuitesSequentially(TestNG.java:1208)
	at org.testng.TestNG.runSuitesLocally(TestNG.java:1137)
	at org.testng.TestNG.runSuites(TestNG.java:1049)
	at org.testng.TestNG.run(TestNG.java:1017)
	at org.testng.remote.AbstractRemoteTestNG.run(AbstractRemoteTestNG.java:114)
	at org.testng.remote.RemoteTestNG.initAndRun(RemoteTestNG.java:251)
	at org.testng.remote.RemoteTestNG.main(RemoteTestNG.java:77)
Caused by: java.lang.ClassNotFoundException: groovy.lang.Tuple2
	at java.net.URLClassLoader.findClass(Unknown Source)
	at java.lang.ClassLoader.loadClass(Unknown Source)
	at sun.misc.Launcher$AppClassLoader.loadClass(Unknown Source)
	at java.lang.ClassLoader.loadClass(Unknown Source)
	... 48 more
</pre></div><a href='#' onClick='toggleBox("stack-trace550302731", this, "Click to show all stack frames", "Click to hide stack frames")'>Click to show all stack frames</a>
<div class='stack-trace' id='stack-trace550302731'><pre>java.lang.NoClassDefFoundError: Lgroovy/lang/Tuple2;
	at java.lang.Class.getDeclaredFields0(Native Method)
	at java.lang.Class.privateGetDeclaredFields(Unknown Source)
	at java.lang.Class.getDeclaredFields(Unknown Source)
	at org.codehaus.groovy.reflection.CachedClass$1$1.run(CachedClass.java:48)
	at java.security.AccessController.doPrivileged(Native Method)
	at org.codehaus.groovy.reflection.CachedClass$1.initValue(CachedClass.java:45)
	at org.codehaus.groovy.reflection.CachedClass$1.initValue(CachedClass.java:43)
	at org.codehaus.groovy.util.LazyReference.getLocked(LazyReference.java:46)
	at org.codehaus.groovy.util.LazyReference.get(LazyReference.java:33)
	at org.codehaus.groovy.reflection.CachedClass.getFields(CachedClass.java:254)
	at groovy.lang.MetaClassImpl.addFields(MetaClassImpl.java:2363)
	at groovy.lang.MetaClassImpl.inheritFields(MetaClassImpl.java:2358)
	at groovy.lang.MetaClassImpl.setupProperties(MetaClassImpl.java:2248)
	at groovy.lang.MetaClassImpl.addProperties(MetaClassImpl.java:3255)
	at groovy.lang.MetaClassImpl.initialize(MetaClassImpl.java:3226)
	at org.codehaus.groovy.reflection.ClassInfo.getMetaClassUnderLock(ClassInfo.java:210)
	at org.codehaus.groovy.reflection.ClassInfo.getMetaClass(ClassInfo.java:241)
	at com.jayway.restassured.internal.ResponseSpecificationImpl.$getStaticMetaClass(ResponseSpecificationImpl.groovy)
	at com.jayway.restassured.internal.ResponseSpecificationImpl.&lt;init&gt;(ResponseSpecificationImpl.groovy:49)
	at com.jayway.restassured.internal.ResponseSpecificationImpl.&lt;init&gt;(ResponseSpecificationImpl.groovy:64)
	at com.jayway.restassured.RestAssured.createTestSpecification(RestAssured.java:1447)
	at com.jayway.restassured.RestAssured.given(RestAssured.java:741)
	at ApiRestAutomation.RestApi.GetUserdetails.Test_04(GetUserdetails.java:59)
	at sun.reflect.NativeMethodAccessorImpl.invoke0(Native Method)
	at sun.reflect.NativeMethodAccessorImpl.invoke(Unknown Source)
	at sun.reflect.DelegatingMethodAccessorImpl.invoke(Unknown Source)
	at java.lang.reflect.Method.invoke(Unknown Source)
	at org.testng.internal.MethodInvocationHelper.invokeMethod(MethodInvocationHelper.java:124)
	at org.testng.internal.Invoker.invokeMethod(Invoker.java:580)
	at org.testng.internal.Invoker.invokeTestMethod(Invoker.java:716)
	at org.testng.internal.Invoker.invokeTestMethods(Invoker.java:988)
	at org.testng.internal.TestMethodWorker.invokeTestMethods(TestMethodWorker.java:125)
	at org.testng.internal.TestMethodWorker.run(TestMethodWorker.java:109)
	at org.testng.TestRunner.privateRun(TestRunner.java:648)
	at org.testng.TestRunner.run(TestRunner.java:505)
	at org.testng.SuiteRunner.runTest(SuiteRunner.java:455)
	at org.testng.SuiteRunner.runSequentially(SuiteRunner.java:450)
	at org.testng.SuiteRunner.privateRun(SuiteRunner.java:415)
	at org.testng.SuiteRunner.run(SuiteRunner.java:364)
	at org.testng.SuiteRunnerWorker.runSuite(SuiteRunnerWorker.java:52)
	at org.testng.SuiteRunnerWorker.run(SuiteRunnerWorker.java:84)
	at org.testng.TestNG.runSuitesSequentially(TestNG.java:1208)
	at org.testng.TestNG.runSuitesLocally(TestNG.java:1137)
	at org.testng.TestNG.runSuites(TestNG.java:1049)
	at org.testng.TestNG.run(TestNG.java:1017)
	at org.testng.remote.AbstractRemoteTestNG.run(AbstractRemoteTestNG.java:114)
	at org.testng.remote.RemoteTestNG.initAndRun(RemoteTestNG.java:251)
	at org.testng.remote.RemoteTestNG.main(RemoteTestNG.java:77)
Caused by: java.lang.ClassNotFoundException: groovy.lang.Tuple2
	at java.net.URLClassLoader.findClass(Unknown Source)
	at java.lang.ClassLoader.loadClass(Unknown Source)
	at sun.misc.Launcher$AppClassLoader.loadClass(Unknown Source)
	at java.lang.ClassLoader.loadClass(Unknown Source)
	... 48 more
</pre></div></td>
<td>0</td>
<td>ApiRestAutomation.RestApi.GetUserdetails@464bee09</td></tr>
<tr>
<td title='ApiRestAutomation.RestApi.GetUserdetails.Test_05()'><b>Test_05</b><br>Test class: ApiRestAutomation.RestApi.GetUserdetails</td>
<td><div><pre>java.lang.NoClassDefFoundError: Lgroovy/lang/Tuple2;
	at java.lang.Class.getDeclaredFields0(Native Method)
	at java.lang.Class.privateGetDeclaredFields(Unknown Source)
	at java.lang.Class.getDeclaredFields(Unknown Source)
	at org.codehaus.groovy.reflection.CachedClass$1$1.run(CachedClass.java:48)
	at java.security.AccessController.doPrivileged(Native Method)
	at org.codehaus.groovy.reflection.CachedClass$1.initValue(CachedClass.java:45)
	at org.codehaus.groovy.reflection.CachedClass$1.initValue(CachedClass.java:43)
	at org.codehaus.groovy.util.LazyReference.getLocked(LazyReference.java:46)
	at org.codehaus.groovy.util.LazyReference.get(LazyReference.java:33)
	at org.codehaus.groovy.reflection.CachedClass.getFields(CachedClass.java:254)
	at groovy.lang.MetaClassImpl.addFields(MetaClassImpl.java:2363)
	at groovy.lang.MetaClassImpl.inheritFields(MetaClassImpl.java:2358)
	at groovy.lang.MetaClassImpl.setupProperties(MetaClassImpl.java:2248)
	at groovy.lang.MetaClassImpl.addProperties(MetaClassImpl.java:3255)
	at groovy.lang.MetaClassImpl.initialize(MetaClassImpl.java:3226)
	at org.codehaus.groovy.reflection.ClassInfo.getMetaClassUnderLock(ClassInfo.java:210)
	at org.codehaus.groovy.reflection.ClassInfo.getMetaClass(ClassInfo.java:241)
	at com.jayway.restassured.internal.ResponseSpecificationImpl.$getStaticMetaClass(ResponseSpecificationImpl.groovy)
	at com.jayway.restassured.internal.ResponseSpecificationImpl.&lt;init&gt;(ResponseSpecificationImpl.groovy:49)
	at com.jayway.restassured.internal.ResponseSpecificationImpl.&lt;init&gt;(ResponseSpecificationImpl.groovy:64)
	at com.jayway.restassured.RestAssured.createTestSpecification(RestAssured.java:1447)
	at com.jayway.restassured.RestAssured.given(RestAssured.java:741)
	at ApiRestAutomation.RestApi.GetUserdetails.Test_05(GetUserdetails.java:72)
	at sun.reflect.NativeMethodAccessorImpl.invoke0(Native Method)
	at sun.reflect.NativeMethodAccessorImpl.invoke(Unknown Source)
	at sun.reflect.DelegatingMethodAccessorImpl.invoke(Unknown Source)
	at java.lang.reflect.Method.invoke(Unknown Source)
	at org.testng.internal.MethodInvocationHelper.invokeMethod(MethodInvocationHelper.java:124)
	at org.testng.internal.Invoker.invokeMethod(Invoker.java:580)
	at org.testng.internal.Invoker.invokeTestMethod(Invoker.java:716)
	at org.testng.internal.Invoker.invokeTestMethods(Invoker.java:988)
	at org.testng.internal.TestMethodWorker.invokeTestMethods(TestMethodWorker.java:125)
	at org.testng.internal.TestMethodWorker.run(TestMethodWorker.java:109)
	at org.testng.TestRunner.privateRun(TestRunner.java:648)
	at org.testng.TestRunner.run(TestRunner.java:505)
	at org.testng.SuiteRunner.runTest(SuiteRunner.java:455)
	at org.testng.SuiteRunner.runSequentially(SuiteRunner.java:450)
	at org.testng.SuiteRunner.privateRun(SuiteRunner.java:415)
	at org.testng.SuiteRunner.run(SuiteRunner.java:364)
	at org.testng.SuiteRunnerWorker.runSuite(SuiteRunnerWorker.java:52)
	at org.testng.SuiteRunnerWorker.run(SuiteRunnerWorker.java:84)
	at org.testng.TestNG.runSuitesSequentially(TestNG.java:1208)
	at org.testng.TestNG.runSuitesLocally(TestNG.java:1137)
	at org.testng.TestNG.runSuites(TestNG.java:1049)
	at org.testng.TestNG.run(TestNG.java:1017)
	at org.testng.remote.AbstractRemoteTestNG.run(AbstractRemoteTestNG.java:114)
	at org.testng.remote.RemoteTestNG.initAndRun(RemoteTestNG.java:251)
	at org.testng.remote.RemoteTestNG.main(RemoteTestNG.java:77)
Caused by: java.lang.ClassNotFoundException: groovy.lang.Tuple2
	at java.net.URLClassLoader.findClass(Unknown Source)
	at java.lang.ClassLoader.loadClass(Unknown Source)
	at sun.misc.Launcher$AppClassLoader.loadClass(Unknown Source)
	at java.lang.ClassLoader.loadClass(Unknown Source)
	... 48 more
</pre></div><a href='#' onClick='toggleBox("stack-trace900636745", this, "Click to show all stack frames", "Click to hide stack frames")'>Click to show all stack frames</a>
<div class='stack-trace' id='stack-trace900636745'><pre>java.lang.NoClassDefFoundError: Lgroovy/lang/Tuple2;
	at java.lang.Class.getDeclaredFields0(Native Method)
	at java.lang.Class.privateGetDeclaredFields(Unknown Source)
	at java.lang.Class.getDeclaredFields(Unknown Source)
	at org.codehaus.groovy.reflection.CachedClass$1$1.run(CachedClass.java:48)
	at java.security.AccessController.doPrivileged(Native Method)
	at org.codehaus.groovy.reflection.CachedClass$1.initValue(CachedClass.java:45)
	at org.codehaus.groovy.reflection.CachedClass$1.initValue(CachedClass.java:43)
	at org.codehaus.groovy.util.LazyReference.getLocked(LazyReference.java:46)
	at org.codehaus.groovy.util.LazyReference.get(LazyReference.java:33)
	at org.codehaus.groovy.reflection.CachedClass.getFields(CachedClass.java:254)
	at groovy.lang.MetaClassImpl.addFields(MetaClassImpl.java:2363)
	at groovy.lang.MetaClassImpl.inheritFields(MetaClassImpl.java:2358)
	at groovy.lang.MetaClassImpl.setupProperties(MetaClassImpl.java:2248)
	at groovy.lang.MetaClassImpl.addProperties(MetaClassImpl.java:3255)
	at groovy.lang.MetaClassImpl.initialize(MetaClassImpl.java:3226)
	at org.codehaus.groovy.reflection.ClassInfo.getMetaClassUnderLock(ClassInfo.java:210)
	at org.codehaus.groovy.reflection.ClassInfo.getMetaClass(ClassInfo.java:241)
	at com.jayway.restassured.internal.ResponseSpecificationImpl.$getStaticMetaClass(ResponseSpecificationImpl.groovy)
	at com.jayway.restassured.internal.ResponseSpecificationImpl.&lt;init&gt;(ResponseSpecificationImpl.groovy:49)
	at com.jayway.restassured.internal.ResponseSpecificationImpl.&lt;init&gt;(ResponseSpecificationImpl.groovy:64)
	at com.jayway.restassured.RestAssured.createTestSpecification(RestAssured.java:1447)
	at com.jayway.restassured.RestAssured.given(RestAssured.java:741)
	at ApiRestAutomation.RestApi.GetUserdetails.Test_05(GetUserdetails.java:72)
	at sun.reflect.NativeMethodAccessorImpl.invoke0(Native Method)
	at sun.reflect.NativeMethodAccessorImpl.invoke(Unknown Source)
	at sun.reflect.DelegatingMethodAccessorImpl.invoke(Unknown Source)
	at java.lang.reflect.Method.invoke(Unknown Source)
	at org.testng.internal.MethodInvocationHelper.invokeMethod(MethodInvocationHelper.java:124)
	at org.testng.internal.Invoker.invokeMethod(Invoker.java:580)
	at org.testng.internal.Invoker.invokeTestMethod(Invoker.java:716)
	at org.testng.internal.Invoker.invokeTestMethods(Invoker.java:988)
	at org.testng.internal.TestMethodWorker.invokeTestMethods(TestMethodWorker.java:125)
	at org.testng.internal.TestMethodWorker.run(TestMethodWorker.java:109)
	at org.testng.TestRunner.privateRun(TestRunner.java:648)
	at org.testng.TestRunner.run(TestRunner.java:505)
	at org.testng.SuiteRunner.runTest(SuiteRunner.java:455)
	at org.testng.SuiteRunner.runSequentially(SuiteRunner.java:450)
	at org.testng.SuiteRunner.privateRun(SuiteRunner.java:415)
	at org.testng.SuiteRunner.run(SuiteRunner.java:364)
	at org.testng.SuiteRunnerWorker.runSuite(SuiteRunnerWorker.java:52)
	at org.testng.SuiteRunnerWorker.run(SuiteRunnerWorker.java:84)
	at org.testng.TestNG.runSuitesSequentially(TestNG.java:1208)
	at org.testng.TestNG.runSuitesLocally(TestNG.java:1137)
	at org.testng.TestNG.runSuites(TestNG.java:1049)
	at org.testng.TestNG.run(TestNG.java:1017)
	at org.testng.remote.AbstractRemoteTestNG.run(AbstractRemoteTestNG.java:114)
	at org.testng.remote.RemoteTestNG.initAndRun(RemoteTestNG.java:251)
	at org.testng.remote.RemoteTestNG.main(RemoteTestNG.java:77)
Caused by: java.lang.ClassNotFoundException: groovy.lang.Tuple2
	at java.net.URLClassLoader.findClass(Unknown Source)
	at java.lang.ClassLoader.loadClass(Unknown Source)
	at sun.misc.Launcher$AppClassLoader.loadClass(Unknown Source)
	at java.lang.ClassLoader.loadClass(Unknown Source)
	... 48 more
</pre></div></td>
<td>0</td>
<td>ApiRestAutomation.RestApi.GetUserdetails@464bee09</td></tr>
<tr>
<td title='ApiRestAutomation.RestApi.GetUserdetails.Test_06()'><b>Test_06</b><br>Test class: ApiRestAutomation.RestApi.GetUserdetails</td>
<td><div><pre>java.lang.NoClassDefFoundError: Lgroovy/lang/Tuple2;
	at java.lang.Class.getDeclaredFields0(Native Method)
	at java.lang.Class.privateGetDeclaredFields(Unknown Source)
	at java.lang.Class.getDeclaredFields(Unknown Source)
	at org.codehaus.groovy.reflection.CachedClass$1$1.run(CachedClass.java:48)
	at java.security.AccessController.doPrivileged(Native Method)
	at org.codehaus.groovy.reflection.CachedClass$1.initValue(CachedClass.java:45)
	at org.codehaus.groovy.reflection.CachedClass$1.initValue(CachedClass.java:43)
	at org.codehaus.groovy.util.LazyReference.getLocked(LazyReference.java:46)
	at org.codehaus.groovy.util.LazyReference.get(LazyReference.java:33)
	at org.codehaus.groovy.reflection.CachedClass.getFields(CachedClass.java:254)
	at groovy.lang.MetaClassImpl.addFields(MetaClassImpl.java:2363)
	at groovy.lang.MetaClassImpl.inheritFields(MetaClassImpl.java:2358)
	at groovy.lang.MetaClassImpl.setupProperties(MetaClassImpl.java:2248)
	at groovy.lang.MetaClassImpl.addProperties(MetaClassImpl.java:3255)
	at groovy.lang.MetaClassImpl.initialize(MetaClassImpl.java:3226)
	at org.codehaus.groovy.reflection.ClassInfo.getMetaClassUnderLock(ClassInfo.java:210)
	at org.codehaus.groovy.reflection.ClassInfo.getMetaClass(ClassInfo.java:241)
	at com.jayway.restassured.internal.ResponseSpecificationImpl.$getStaticMetaClass(ResponseSpecificationImpl.groovy)
	at com.jayway.restassured.internal.ResponseSpecificationImpl.&lt;init&gt;(ResponseSpecificationImpl.groovy:49)
	at com.jayway.restassured.internal.ResponseSpecificationImpl.&lt;init&gt;(ResponseSpecificationImpl.groovy:64)
	at com.jayway.restassured.RestAssured.createTestSpecification(RestAssured.java:1447)
	at com.jayway.restassured.RestAssured.given(RestAssured.java:741)
	at ApiRestAutomation.RestApi.GetUserdetails.Test_06(GetUserdetails.java:86)
	at sun.reflect.NativeMethodAccessorImpl.invoke0(Native Method)
	at sun.reflect.NativeMethodAccessorImpl.invoke(Unknown Source)
	at sun.reflect.DelegatingMethodAccessorImpl.invoke(Unknown Source)
	at java.lang.reflect.Method.invoke(Unknown Source)
	at org.testng.internal.MethodInvocationHelper.invokeMethod(MethodInvocationHelper.java:124)
	at org.testng.internal.Invoker.invokeMethod(Invoker.java:580)
	at org.testng.internal.Invoker.invokeTestMethod(Invoker.java:716)
	at org.testng.internal.Invoker.invokeTestMethods(Invoker.java:988)
	at org.testng.internal.TestMethodWorker.invokeTestMethods(TestMethodWorker.java:125)
	at org.testng.internal.TestMethodWorker.run(TestMethodWorker.java:109)
	at org.testng.TestRunner.privateRun(TestRunner.java:648)
	at org.testng.TestRunner.run(TestRunner.java:505)
	at org.testng.SuiteRunner.runTest(SuiteRunner.java:455)
	at org.testng.SuiteRunner.runSequentially(SuiteRunner.java:450)
	at org.testng.SuiteRunner.privateRun(SuiteRunner.java:415)
	at org.testng.SuiteRunner.run(SuiteRunner.java:364)
	at org.testng.SuiteRunnerWorker.runSuite(SuiteRunnerWorker.java:52)
	at org.testng.SuiteRunnerWorker.run(SuiteRunnerWorker.java:84)
	at org.testng.TestNG.runSuitesSequentially(TestNG.java:1208)
	at org.testng.TestNG.runSuitesLocally(TestNG.java:1137)
	at org.testng.TestNG.runSuites(TestNG.java:1049)
	at org.testng.TestNG.run(TestNG.java:1017)
	at org.testng.remote.AbstractRemoteTestNG.run(AbstractRemoteTestNG.java:114)
	at org.testng.remote.RemoteTestNG.initAndRun(RemoteTestNG.java:251)
	at org.testng.remote.RemoteTestNG.main(RemoteTestNG.java:77)
Caused by: java.lang.ClassNotFoundException: groovy.lang.Tuple2
	at java.net.URLClassLoader.findClass(Unknown Source)
	at java.lang.ClassLoader.loadClass(Unknown Source)
	at sun.misc.Launcher$AppClassLoader.loadClass(Unknown Source)
	at java.lang.ClassLoader.loadClass(Unknown Source)
	... 48 more
</pre></div><a href='#' onClick='toggleBox("stack-trace1652807864", this, "Click to show all stack frames", "Click to hide stack frames")'>Click to show all stack frames</a>
<div class='stack-trace' id='stack-trace1652807864'><pre>java.lang.NoClassDefFoundError: Lgroovy/lang/Tuple2;
	at java.lang.Class.getDeclaredFields0(Native Method)
	at java.lang.Class.privateGetDeclaredFields(Unknown Source)
	at java.lang.Class.getDeclaredFields(Unknown Source)
	at org.codehaus.groovy.reflection.CachedClass$1$1.run(CachedClass.java:48)
	at java.security.AccessController.doPrivileged(Native Method)
	at org.codehaus.groovy.reflection.CachedClass$1.initValue(CachedClass.java:45)
	at org.codehaus.groovy.reflection.CachedClass$1.initValue(CachedClass.java:43)
	at org.codehaus.groovy.util.LazyReference.getLocked(LazyReference.java:46)
	at org.codehaus.groovy.util.LazyReference.get(LazyReference.java:33)
	at org.codehaus.groovy.reflection.CachedClass.getFields(CachedClass.java:254)
	at groovy.lang.MetaClassImpl.addFields(MetaClassImpl.java:2363)
	at groovy.lang.MetaClassImpl.inheritFields(MetaClassImpl.java:2358)
	at groovy.lang.MetaClassImpl.setupProperties(MetaClassImpl.java:2248)
	at groovy.lang.MetaClassImpl.addProperties(MetaClassImpl.java:3255)
	at groovy.lang.MetaClassImpl.initialize(MetaClassImpl.java:3226)
	at org.codehaus.groovy.reflection.ClassInfo.getMetaClassUnderLock(ClassInfo.java:210)
	at org.codehaus.groovy.reflection.ClassInfo.getMetaClass(ClassInfo.java:241)
	at com.jayway.restassured.internal.ResponseSpecificationImpl.$getStaticMetaClass(ResponseSpecificationImpl.groovy)
	at com.jayway.restassured.internal.ResponseSpecificationImpl.&lt;init&gt;(ResponseSpecificationImpl.groovy:49)
	at com.jayway.restassured.internal.ResponseSpecificationImpl.&lt;init&gt;(ResponseSpecificationImpl.groovy:64)
	at com.jayway.restassured.RestAssured.createTestSpecification(RestAssured.java:1447)
	at com.jayway.restassured.RestAssured.given(RestAssured.java:741)
	at ApiRestAutomation.RestApi.GetUserdetails.Test_06(GetUserdetails.java:86)
	at sun.reflect.NativeMethodAccessorImpl.invoke0(Native Method)
	at sun.reflect.NativeMethodAccessorImpl.invoke(Unknown Source)
	at sun.reflect.DelegatingMethodAccessorImpl.invoke(Unknown Source)
	at java.lang.reflect.Method.invoke(Unknown Source)
	at org.testng.internal.MethodInvocationHelper.invokeMethod(MethodInvocationHelper.java:124)
	at org.testng.internal.Invoker.invokeMethod(Invoker.java:580)
	at org.testng.internal.Invoker.invokeTestMethod(Invoker.java:716)
	at org.testng.internal.Invoker.invokeTestMethods(Invoker.java:988)
	at org.testng.internal.TestMethodWorker.invokeTestMethods(TestMethodWorker.java:125)
	at org.testng.internal.TestMethodWorker.run(TestMethodWorker.java:109)
	at org.testng.TestRunner.privateRun(TestRunner.java:648)
	at org.testng.TestRunner.run(TestRunner.java:505)
	at org.testng.SuiteRunner.runTest(SuiteRunner.java:455)
	at org.testng.SuiteRunner.runSequentially(SuiteRunner.java:450)
	at org.testng.SuiteRunner.privateRun(SuiteRunner.java:415)
	at org.testng.SuiteRunner.run(SuiteRunner.java:364)
	at org.testng.SuiteRunnerWorker.runSuite(SuiteRunnerWorker.java:52)
	at org.testng.SuiteRunnerWorker.run(SuiteRunnerWorker.java:84)
	at org.testng.TestNG.runSuitesSequentially(TestNG.java:1208)
	at org.testng.TestNG.runSuitesLocally(TestNG.java:1137)
	at org.testng.TestNG.runSuites(TestNG.java:1049)
	at org.testng.TestNG.run(TestNG.java:1017)
	at org.testng.remote.AbstractRemoteTestNG.run(AbstractRemoteTestNG.java:114)
	at org.testng.remote.RemoteTestNG.initAndRun(RemoteTestNG.java:251)
	at org.testng.remote.RemoteTestNG.main(RemoteTestNG.java:77)
Caused by: java.lang.ClassNotFoundException: groovy.lang.Tuple2
	at java.net.URLClassLoader.findClass(Unknown Source)
	at java.lang.ClassLoader.loadClass(Unknown Source)
	at sun.misc.Launcher$AppClassLoader.loadClass(Unknown Source)
	at java.lang.ClassLoader.loadClass(Unknown Source)
	... 48 more
</pre></div></td>
<td>0</td>
<td>ApiRestAutomation.RestApi.GetUserdetails@464bee09</td></tr>
</table><p>
</body>
</html>