<!DOCTYPE html PUBLIC "-//W3C//DTD XHTML 1.1//EN" "http://www.w3.org/TR/xhtml11/DTD/xhtml11.dtd">
<html xmlns="http://www.w3.org/1999/xhtml">
<head>
<meta http-equiv="content-type" content="text/html; charset=UTF-8"/>
<title>TestNG Report</title>
<style type="text/css">table {margin-bottom:10px;border-collapse:collapse;empty-cells:show}th,td {border:1px solid #009;padding:.25em .5em}th {vertical-align:bottom}td {vertical-align:top}table a {font-weight:bold}.stripe td {background-color: #E6EBF9}.num {text-align:right}.passedodd td {background-color: #3F3}.passedeven td {background-color: #0A0}.skippedodd td {background-color: #DDD}.skippedeven td {background-color: #CCC}.failedodd td,.attn {background-color: #F33}.failedeven td,.stripe .attn {background-color: #D00}.stacktrace {white-space:pre;font-family:monospace}.totop {font-size:85%;text-align:center;border-bottom:2px solid #000}.invisible {display:none}</style>
</head>
<body>
<table>
<tr><th>Test</th><th># Passed</th><th># Skipped</th><th># Failed</th><th>Time (ms)</th><th>Included Groups</th><th>Excluded Groups</th></tr>
<tr><th colspan="7">Default suite</th></tr>
<tr><td><a href="#t0">Default test</a></td><td class="num">0</td><td class="num">0</td><td class="num attn">6</td><td class="num">720</td><td></td><td></td></tr>
</table>
<table id='summary'><thead><tr><th>Class</th><th>Method</th><th>Start</th><th>Time (ms)</th></tr></thead><tbody><tr><th colspan="4">Default suite</th></tr></tbody><tbody id="t0"><tr><th colspan="4">Default test &#8212; failed</th></tr><tr class="failedeven"><td rowspan="6">ApiRestAutomation.RestApi.GetUserdetails</td><td><a href="#m0">Test_01</a></td><td rowspan="1">1538042221179</td><td rowspan="1">635</td></tr><tr class="failedeven"><td><a href="#m1">Test_02</a></td><td rowspan="1">1538042221819</td><td rowspan="1">5</td></tr><tr class="failedeven"><td><a href="#m2">Test_03</a></td><td rowspan="1">1538042221829</td><td rowspan="1">4</td></tr><tr class="failedeven"><td><a href="#m3">Test_04</a></td><td rowspan="1">1538042221837</td><td rowspan="1">5</td></tr><tr class="failedeven"><td><a href="#m4">Test_05</a></td><td rowspan="1">1538042221846</td><td rowspan="1">4</td></tr><tr class="failedeven"><td><a href="#m5">Test_06</a></td><td rowspan="1">1538042221854</td><td rowspan="1">8</td></tr></tbody>
</table>
<h2>Default test</h2><h3 id="m0">ApiRestAutomation.RestApi.GetUserdetails#Test_01</h3><table class="result"><tr><th>Exception</th></tr><tr><td><div class="stacktrace">java.lang.NoClassDefFoundError: Lgroovy/lang/Tuple2;
	at java.lang.Class.getDeclaredFields0(Native Method)
	at java.lang.Class.privateGetDeclaredFields(Unknown Source)
	at java.lang.Class.getDeclaredFields(Unknown Source)
	at org.codehaus.groovy.reflection.CachedClass$1$1.run(CachedClass.java:48)
	at java.security.AccessController.doPrivileged(Native Method)
	at org.codehaus.groovy.reflection.CachedClass$1.initValue(CachedClass.java:45)
	at org.codehaus.groovy.reflection.CachedClass$1.initValue(CachedClass.java:43)
	at org.codehaus.groovy.util.LazyReference.getLocked(LazyReference.java:46)
	at org.codehaus.groovy.util.LazyReference.get(LazyReference.java:33)
	at org.codehaus.groovy.reflection.CachedClass.getFields(CachedClass.java:254)
	at groovy.lang.MetaClassImpl.addFields(MetaClassImpl.java:2363)
	at groovy.lang.MetaClassImpl.inheritFields(MetaClassImpl.java:2358)
	at groovy.lang.MetaClassImpl.setupProperties(MetaClassImpl.java:2248)
	at groovy.lang.MetaClassImpl.addProperties(MetaClassImpl.java:3255)
	at groovy.lang.MetaClassImpl.initialize(MetaClassImpl.java:3226)
	at org.codehaus.groovy.reflection.ClassInfo.getMetaClassUnderLock(ClassInfo.java:210)
	at org.codehaus.groovy.reflection.ClassInfo.getMetaClass(ClassInfo.java:241)
	at com.jayway.restassured.internal.ResponseSpecificationImpl.$getStaticMetaClass(ResponseSpecificationImpl.groovy)
	at com.jayway.restassured.internal.ResponseSpecificationImpl.&lt;init&gt;(ResponseSpecificationImpl.groovy:49)
	at com.jayway.restassured.internal.ResponseSpecificationImpl.&lt;init&gt;(ResponseSpecificationImpl.groovy:64)
	at com.jayway.restassured.RestAssured.createTestSpecification(RestAssured.java:1447)
	at com.jayway.restassured.RestAssured.when(RestAssured.java:761)
	at ApiRestAutomation.RestApi.GetUserdetails.Test_01(GetUserdetails.java:15)
	at sun.reflect.NativeMethodAccessorImpl.invoke0(Native Method)
	at sun.reflect.NativeMethodAccessorImpl.invoke(Unknown Source)
	at sun.reflect.DelegatingMethodAccessorImpl.invoke(Unknown Source)
	at java.lang.reflect.Method.invoke(Unknown Source)
	at org.testng.internal.MethodInvocationHelper.invokeMethod(MethodInvocationHelper.java:124)
	at org.testng.internal.Invoker.invokeMethod(Invoker.java:580)
	at org.testng.internal.Invoker.invokeTestMethod(Invoker.java:716)
	at org.testng.internal.Invoker.invokeTestMethods(Invoker.java:988)
	at org.testng.internal.TestMethodWorker.invokeTestMethods(TestMethodWorker.java:125)
	at org.testng.internal.TestMethodWorker.run(TestMethodWorker.java:109)
	at org.testng.TestRunner.privateRun(TestRunner.java:648)
	at org.testng.TestRunner.run(TestRunner.java:505)
	at org.testng.SuiteRunner.runTest(SuiteRunner.java:455)
	at org.testng.SuiteRunner.runSequentially(SuiteRunner.java:450)
	at org.testng.SuiteRunner.privateRun(SuiteRunner.java:415)
	at org.testng.SuiteRunner.run(SuiteRunner.java:364)
	at org.testng.SuiteRunnerWorker.runSuite(SuiteRunnerWorker.java:52)
	at org.testng.SuiteRunnerWorker.run(SuiteRunnerWorker.java:84)
	at org.testng.TestNG.runSuitesSequentially(TestNG.java:1208)
	at org.testng.TestNG.runSuitesLocally(TestNG.java:1137)
	at org.testng.TestNG.runSuites(TestNG.java:1049)
	at org.testng.TestNG.run(TestNG.java:1017)
	at org.testng.remote.AbstractRemoteTestNG.run(AbstractRemoteTestNG.java:114)
	at org.testng.remote.RemoteTestNG.initAndRun(RemoteTestNG.java:251)
	at org.testng.remote.RemoteTestNG.main(RemoteTestNG.java:77)
Caused by: java.lang.ClassNotFoundException: groovy.lang.Tuple2
	at java.net.URLClassLoader.findClass(Unknown Source)
	at java.lang.ClassLoader.loadClass(Unknown Source)
	at sun.misc.Launcher$AppClassLoader.loadClass(Unknown Source)
	at java.lang.ClassLoader.loadClass(Unknown Source)
	... 48 more
</div></td></tr></table><p class="totop"><a href="#summary">back to summary</a></p>
<h3 id="m1">ApiRestAutomation.RestApi.GetUserdetails#Test_02</h3><table class="result"><tr><th>Exception</th></tr><tr><td><div class="stacktrace">java.lang.NoClassDefFoundError: Lgroovy/lang/Tuple2;
	at java.lang.Class.getDeclaredFields0(Native Method)
	at java.lang.Class.privateGetDeclaredFields(Unknown Source)
	at java.lang.Class.getDeclaredFields(Unknown Source)
	at org.codehaus.groovy.reflection.CachedClass$1$1.run(CachedClass.java:48)
	at java.security.AccessController.doPrivileged(Native Method)
	at org.codehaus.groovy.reflection.CachedClass$1.initValue(CachedClass.java:45)
	at org.codehaus.groovy.reflection.CachedClass$1.initValue(CachedClass.java:43)
	at org.codehaus.groovy.util.LazyReference.getLocked(LazyReference.java:46)
	at org.codehaus.groovy.util.LazyReference.get(LazyReference.java:33)
	at org.codehaus.groovy.reflection.CachedClass.getFields(CachedClass.java:254)
	at groovy.lang.MetaClassImpl.addFields(MetaClassImpl.java:2363)
	at groovy.lang.MetaClassImpl.inheritFields(MetaClassImpl.java:2358)
	at groovy.lang.MetaClassImpl.setupProperties(MetaClassImpl.java:2248)
	at groovy.lang.MetaClassImpl.addProperties(MetaClassImpl.java:3255)
	at groovy.lang.MetaClassImpl.initialize(MetaClassImpl.java:3226)
	at org.codehaus.groovy.reflection.ClassInfo.getMetaClassUnderLock(ClassInfo.java:210)
	at org.codehaus.groovy.reflection.ClassInfo.getMetaClass(ClassInfo.java:241)
	at com.jayway.restassured.internal.ResponseSpecificationImpl.$getStaticMetaClass(ResponseSpecificationImpl.groovy)
	at com.jayway.restassured.internal.ResponseSpecificationImpl.&lt;init&gt;(ResponseSpecificationImpl.groovy:49)
	at com.jayway.restassured.internal.ResponseSpecificationImpl.&lt;init&gt;(ResponseSpecificationImpl.groovy:64)
	at com.jayway.restassured.RestAssured.createTestSpecification(RestAssured.java:1447)
	at com.jayway.restassured.RestAssured.when(RestAssured.java:761)
	at ApiRestAutomation.RestApi.GetUserdetails.Test_02(GetUserdetails.java:24)
	at sun.reflect.NativeMethodAccessorImpl.invoke0(Native Method)
	at sun.reflect.NativeMethodAccessorImpl.invoke(Unknown Source)
	at sun.reflect.DelegatingMethodAccessorImpl.invoke(Unknown Source)
	at java.lang.reflect.Method.invoke(Unknown Source)
	at org.testng.internal.MethodInvocationHelper.invokeMethod(MethodInvocationHelper.java:124)
	at org.testng.internal.Invoker.invokeMethod(Invoker.java:580)
	at org.testng.internal.Invoker.invokeTestMethod(Invoker.java:716)
	at org.testng.internal.Invoker.invokeTestMethods(Invoker.java:988)
	at org.testng.internal.TestMethodWorker.invokeTestMethods(TestMethodWorker.java:125)
	at org.testng.internal.TestMethodWorker.run(TestMethodWorker.java:109)
	at org.testng.TestRunner.privateRun(TestRunner.java:648)
	at org.testng.TestRunner.run(TestRunner.java:505)
	at org.testng.SuiteRunner.runTest(SuiteRunner.java:455)
	at org.testng.SuiteRunner.runSequentially(SuiteRunner.java:450)
	at org.testng.SuiteRunner.privateRun(SuiteRunner.java:415)
	at org.testng.SuiteRunner.run(SuiteRunner.java:364)
	at org.testng.SuiteRunnerWorker.runSuite(SuiteRunnerWorker.java:52)
	at org.testng.SuiteRunnerWorker.run(SuiteRunnerWorker.java:84)
	at org.testng.TestNG.runSuitesSequentially(TestNG.java:1208)
	at org.testng.TestNG.runSuitesLocally(TestNG.java:1137)
	at org.testng.TestNG.runSuites(TestNG.java:1049)
	at org.testng.TestNG.run(TestNG.java:1017)
	at org.testng.remote.AbstractRemoteTestNG.run(AbstractRemoteTestNG.java:114)
	at org.testng.remote.RemoteTestNG.initAndRun(RemoteTestNG.java:251)
	at org.testng.remote.RemoteTestNG.main(RemoteTestNG.java:77)
Caused by: java.lang.ClassNotFoundException: groovy.lang.Tuple2
	at java.net.URLClassLoader.findClass(Unknown Source)
	at java.lang.ClassLoader.loadClass(Unknown Source)
	at sun.misc.Launcher$AppClassLoader.loadClass(Unknown Source)
	at java.lang.ClassLoader.loadClass(Unknown Source)
	... 48 more
</div></td></tr></table><p class="totop"><a href="#summary">back to summary</a></p>
<h3 id="m2">ApiRestAutomation.RestApi.GetUserdetails#Test_03</h3><table class="result"><tr><th>Exception</th></tr><tr><td><div class="stacktrace">java.lang.NoClassDefFoundError: Lgroovy/lang/Tuple2;
	at java.lang.Class.getDeclaredFields0(Native Method)
	at java.lang.Class.privateGetDeclaredFields(Unknown Source)
	at java.lang.Class.getDeclaredFields(Unknown Source)
	at org.codehaus.groovy.reflection.CachedClass$1$1.run(CachedClass.java:48)
	at java.security.AccessController.doPrivileged(Native Method)
	at org.codehaus.groovy.reflection.CachedClass$1.initValue(CachedClass.java:45)
	at org.codehaus.groovy.reflection.CachedClass$1.initValue(CachedClass.java:43)
	at org.codehaus.groovy.util.LazyReference.getLocked(LazyReference.java:46)
	at org.codehaus.groovy.util.LazyReference.get(LazyReference.java:33)
	at org.codehaus.groovy.reflection.CachedClass.getFields(CachedClass.java:254)
	at groovy.lang.MetaClassImpl.addFields(MetaClassImpl.java:2363)
	at groovy.lang.MetaClassImpl.inheritFields(MetaClassImpl.java:2358)
	at groovy.lang.MetaClassImpl.setupProperties(MetaClassImpl.java:2248)
	at groovy.lang.MetaClassImpl.addProperties(MetaClassImpl.java:3255)
	at groovy.lang.MetaClassImpl.initialize(MetaClassImpl.java:3226)
	at org.codehaus.groovy.reflection.ClassInfo.getMetaClassUnderLock(ClassInfo.java:210)
	at org.codehaus.groovy.reflection.ClassInfo.getMetaClass(ClassInfo.java:241)
	at com.jayway.restassured.internal.ResponseSpecificationImpl.$getStaticMetaClass(ResponseSpecificationImpl.groovy)
	at com.jayway.restassured.internal.ResponseSpecificationImpl.&lt;init&gt;(ResponseSpecificationImpl.groovy:49)
	at com.jayway.restassured.internal.ResponseSpecificationImpl.&lt;init&gt;(ResponseSpecificationImpl.groovy:64)
	at com.jayway.restassured.RestAssured.createTestSpecification(RestAssured.java:1447)
	at com.jayway.restassured.RestAssured.given(RestAssured.java:741)
	at ApiRestAutomation.RestApi.GetUserdetails.Test_03(GetUserdetails.java:33)
	at sun.reflect.NativeMethodAccessorImpl.invoke0(Native Method)
	at sun.reflect.NativeMethodAccessorImpl.invoke(Unknown Source)
	at sun.reflect.DelegatingMethodAccessorImpl.invoke(Unknown Source)
	at java.lang.reflect.Method.invoke(Unknown Source)
	at org.testng.internal.MethodInvocationHelper.invokeMethod(MethodInvocationHelper.java:124)
	at org.testng.internal.Invoker.invokeMethod(Invoker.java:580)
	at org.testng.internal.Invoker.invokeTestMethod(Invoker.java:716)
	at org.testng.internal.Invoker.invokeTestMethods(Invoker.java:988)
	at org.testng.internal.TestMethodWorker.invokeTestMethods(TestMethodWorker.java:125)
	at org.testng.internal.TestMethodWorker.run(TestMethodWorker.java:109)
	at org.testng.TestRunner.privateRun(TestRunner.java:648)
	at org.testng.TestRunner.run(TestRunner.java:505)
	at org.testng.SuiteRunner.runTest(SuiteRunner.java:455)
	at org.testng.SuiteRunner.runSequentially(SuiteRunner.java:450)
	at org.testng.SuiteRunner.privateRun(SuiteRunner.java:415)
	at org.testng.SuiteRunner.run(SuiteRunner.java:364)
	at org.testng.SuiteRunnerWorker.runSuite(SuiteRunnerWorker.java:52)
	at org.testng.SuiteRunnerWorker.run(SuiteRunnerWorker.java:84)
	at org.testng.TestNG.runSuitesSequentially(TestNG.java:1208)
	at org.testng.TestNG.runSuitesLocally(TestNG.java:1137)
	at org.testng.TestNG.runSuites(TestNG.java:1049)
	at org.testng.TestNG.run(TestNG.java:1017)
	at org.testng.remote.AbstractRemoteTestNG.run(AbstractRemoteTestNG.java:114)
	at org.testng.remote.RemoteTestNG.initAndRun(RemoteTestNG.java:251)
	at org.testng.remote.RemoteTestNG.main(RemoteTestNG.java:77)
Caused by: java.lang.ClassNotFoundException: groovy.lang.Tuple2
	at java.net.URLClassLoader.findClass(Unknown Source)
	at java.lang.ClassLoader.loadClass(Unknown Source)
	at sun.misc.Launcher$AppClassLoader.loadClass(Unknown Source)
	at java.lang.ClassLoader.loadClass(Unknown Source)
	... 48 more
</div></td></tr></table><p class="totop"><a href="#summary">back to summary</a></p>
<h3 id="m3">ApiRestAutomation.RestApi.GetUserdetails#Test_04</h3><table class="result"><tr><th>Exception</th></tr><tr><td><div class="stacktrace">java.lang.NoClassDefFoundError: Lgroovy/lang/Tuple2;
	at java.lang.Class.getDeclaredFields0(Native Method)
	at java.lang.Class.privateGetDeclaredFields(Unknown Source)
	at java.lang.Class.getDeclaredFields(Unknown Source)
	at org.codehaus.groovy.reflection.CachedClass$1$1.run(CachedClass.java:48)
	at java.security.AccessController.doPrivileged(Native Method)
	at org.codehaus.groovy.reflection.CachedClass$1.initValue(CachedClass.java:45)
	at org.codehaus.groovy.reflection.CachedClass$1.initValue(CachedClass.java:43)
	at org.codehaus.groovy.util.LazyReference.getLocked(LazyReference.java:46)
	at org.codehaus.groovy.util.LazyReference.get(LazyReference.java:33)
	at org.codehaus.groovy.reflection.CachedClass.getFields(CachedClass.java:254)
	at groovy.lang.MetaClassImpl.addFields(MetaClassImpl.java:2363)
	at groovy.lang.MetaClassImpl.inheritFields(MetaClassImpl.java:2358)
	at groovy.lang.MetaClassImpl.setupProperties(MetaClassImpl.java:2248)
	at groovy.lang.MetaClassImpl.addProperties(MetaClassImpl.java:3255)
	at groovy.lang.MetaClassImpl.initialize(MetaClassImpl.java:3226)
	at org.codehaus.groovy.reflection.ClassInfo.getMetaClassUnderLock(ClassInfo.java:210)
	at org.codehaus.groovy.reflection.ClassInfo.getMetaClass(ClassInfo.java:241)
	at com.jayway.restassured.internal.ResponseSpecificationImpl.$getStaticMetaClass(ResponseSpecificationImpl.groovy)
	at com.jayway.restassured.internal.ResponseSpecificationImpl.&lt;init&gt;(ResponseSpecificationImpl.groovy:49)
	at com.jayway.restassured.internal.ResponseSpecificationImpl.&lt;init&gt;(ResponseSpecificationImpl.groovy:64)
	at com.jayway.restassured.RestAssured.createTestSpecification(RestAssured.java:1447)
	at com.jayway.restassured.RestAssured.given(RestAssured.java:741)
	at ApiRestAutomation.RestApi.GetUserdetails.Test_04(GetUserdetails.java:59)
	at sun.reflect.NativeMethodAccessorImpl.invoke0(Native Method)
	at sun.reflect.NativeMethodAccessorImpl.invoke(Unknown Source)
	at sun.reflect.DelegatingMethodAccessorImpl.invoke(Unknown Source)
	at java.lang.reflect.Method.invoke(Unknown Source)
	at org.testng.internal.MethodInvocationHelper.invokeMethod(MethodInvocationHelper.java:124)
	at org.testng.internal.Invoker.invokeMethod(Invoker.java:580)
	at org.testng.internal.Invoker.invokeTestMethod(Invoker.java:716)
	at org.testng.internal.Invoker.invokeTestMethods(Invoker.java:988)
	at org.testng.internal.TestMethodWorker.invokeTestMethods(TestMethodWorker.java:125)
	at org.testng.internal.TestMethodWorker.run(TestMethodWorker.java:109)
	at org.testng.TestRunner.privateRun(TestRunner.java:648)
	at org.testng.TestRunner.run(TestRunner.java:505)
	at org.testng.SuiteRunner.runTest(SuiteRunner.java:455)
	at org.testng.SuiteRunner.runSequentially(SuiteRunner.java:450)
	at org.testng.SuiteRunner.privateRun(SuiteRunner.java:415)
	at org.testng.SuiteRunner.run(SuiteRunner.java:364)
	at org.testng.SuiteRunnerWorker.runSuite(SuiteRunnerWorker.java:52)
	at org.testng.SuiteRunnerWorker.run(SuiteRunnerWorker.java:84)
	at org.testng.TestNG.runSuitesSequentially(TestNG.java:1208)
	at org.testng.TestNG.runSuitesLocally(TestNG.java:1137)
	at org.testng.TestNG.runSuites(TestNG.java:1049)
	at org.testng.TestNG.run(TestNG.java:1017)
	at org.testng.remote.AbstractRemoteTestNG.run(AbstractRemoteTestNG.java:114)
	at org.testng.remote.RemoteTestNG.initAndRun(RemoteTestNG.java:251)
	at org.testng.remote.RemoteTestNG.main(RemoteTestNG.java:77)
Caused by: java.lang.ClassNotFoundException: groovy.lang.Tuple2
	at java.net.URLClassLoader.findClass(Unknown Source)
	at java.lang.ClassLoader.loadClass(Unknown Source)
	at sun.misc.Launcher$AppClassLoader.loadClass(Unknown Source)
	at java.lang.ClassLoader.loadClass(Unknown Source)
	... 48 more
</div></td></tr></table><p class="totop"><a href="#summary">back to summary</a></p>
<h3 id="m4">ApiRestAutomation.RestApi.GetUserdetails#Test_05</h3><table class="result"><tr><th>Exception</th></tr><tr><td><div class="stacktrace">java.lang.NoClassDefFoundError: Lgroovy/lang/Tuple2;
	at java.lang.Class.getDeclaredFields0(Native Method)
	at java.lang.Class.privateGetDeclaredFields(Unknown Source)
	at java.lang.Class.getDeclaredFields(Unknown Source)
	at org.codehaus.groovy.reflection.CachedClass$1$1.run(CachedClass.java:48)
	at java.security.AccessController.doPrivileged(Native Method)
	at org.codehaus.groovy.reflection.CachedClass$1.initValue(CachedClass.java:45)
	at org.codehaus.groovy.reflection.CachedClass$1.initValue(CachedClass.java:43)
	at org.codehaus.groovy.util.LazyReference.getLocked(LazyReference.java:46)
	at org.codehaus.groovy.util.LazyReference.get(LazyReference.java:33)
	at org.codehaus.groovy.reflection.CachedClass.getFields(CachedClass.java:254)
	at groovy.lang.MetaClassImpl.addFields(MetaClassImpl.java:2363)
	at groovy.lang.MetaClassImpl.inheritFields(MetaClassImpl.java:2358)
	at groovy.lang.MetaClassImpl.setupProperties(MetaClassImpl.java:2248)
	at groovy.lang.MetaClassImpl.addProperties(MetaClassImpl.java:3255)
	at groovy.lang.MetaClassImpl.initialize(MetaClassImpl.java:3226)
	at org.codehaus.groovy.reflection.ClassInfo.getMetaClassUnderLock(ClassInfo.java:210)
	at org.codehaus.groovy.reflection.ClassInfo.getMetaClass(ClassInfo.java:241)
	at com.jayway.restassured.internal.ResponseSpecificationImpl.$getStaticMetaClass(ResponseSpecificationImpl.groovy)
	at com.jayway.restassured.internal.ResponseSpecificationImpl.&lt;init&gt;(ResponseSpecificationImpl.groovy:49)
	at com.jayway.restassured.internal.ResponseSpecificationImpl.&lt;init&gt;(ResponseSpecificationImpl.groovy:64)
	at com.jayway.restassured.RestAssured.createTestSpecification(RestAssured.java:1447)
	at com.jayway.restassured.RestAssured.given(RestAssured.java:741)
	at ApiRestAutomation.RestApi.GetUserdetails.Test_05(GetUserdetails.java:72)
	at sun.reflect.NativeMethodAccessorImpl.invoke0(Native Method)
	at sun.reflect.NativeMethodAccessorImpl.invoke(Unknown Source)
	at sun.reflect.DelegatingMethodAccessorImpl.invoke(Unknown Source)
	at java.lang.reflect.Method.invoke(Unknown Source)
	at org.testng.internal.MethodInvocationHelper.invokeMethod(MethodInvocationHelper.java:124)
	at org.testng.internal.Invoker.invokeMethod(Invoker.java:580)
	at org.testng.internal.Invoker.invokeTestMethod(Invoker.java:716)
	at org.testng.internal.Invoker.invokeTestMethods(Invoker.java:988)
	at org.testng.internal.TestMethodWorker.invokeTestMethods(TestMethodWorker.java:125)
	at org.testng.internal.TestMethodWorker.run(TestMethodWorker.java:109)
	at org.testng.TestRunner.privateRun(TestRunner.java:648)
	at org.testng.TestRunner.run(TestRunner.java:505)
	at org.testng.SuiteRunner.runTest(SuiteRunner.java:455)
	at org.testng.SuiteRunner.runSequentially(SuiteRunner.java:450)
	at org.testng.SuiteRunner.privateRun(SuiteRunner.java:415)
	at org.testng.SuiteRunner.run(SuiteRunner.java:364)
	at org.testng.SuiteRunnerWorker.runSuite(SuiteRunnerWorker.java:52)
	at org.testng.SuiteRunnerWorker.run(SuiteRunnerWorker.java:84)
	at org.testng.TestNG.runSuitesSequentially(TestNG.java:1208)
	at org.testng.TestNG.runSuitesLocally(TestNG.java:1137)
	at org.testng.TestNG.runSuites(TestNG.java:1049)
	at org.testng.TestNG.run(TestNG.java:1017)
	at org.testng.remote.AbstractRemoteTestNG.run(AbstractRemoteTestNG.java:114)
	at org.testng.remote.RemoteTestNG.initAndRun(RemoteTestNG.java:251)
	at org.testng.remote.RemoteTestNG.main(RemoteTestNG.java:77)
Caused by: java.lang.ClassNotFoundException: groovy.lang.Tuple2
	at java.net.URLClassLoader.findClass(Unknown Source)
	at java.lang.ClassLoader.loadClass(Unknown Source)
	at sun.misc.Launcher$AppClassLoader.loadClass(Unknown Source)
	at java.lang.ClassLoader.loadClass(Unknown Source)
	... 48 more
</div></td></tr></table><p class="totop"><a href="#summary">back to summary</a></p>
<h3 id="m5">ApiRestAutomation.RestApi.GetUserdetails#Test_06</h3><table class="result"><tr><th>Exception</th></tr><tr><td><div class="stacktrace">java.lang.NoClassDefFoundError: Lgroovy/lang/Tuple2;
	at java.lang.Class.getDeclaredFields0(Native Method)
	at java.lang.Class.privateGetDeclaredFields(Unknown Source)
	at java.lang.Class.getDeclaredFields(Unknown Source)
	at org.codehaus.groovy.reflection.CachedClass$1$1.run(CachedClass.java:48)
	at java.security.AccessController.doPrivileged(Native Method)
	at org.codehaus.groovy.reflection.CachedClass$1.initValue(CachedClass.java:45)
	at org.codehaus.groovy.reflection.CachedClass$1.initValue(CachedClass.java:43)
	at org.codehaus.groovy.util.LazyReference.getLocked(LazyReference.java:46)
	at org.codehaus.groovy.util.LazyReference.get(LazyReference.java:33)
	at org.codehaus.groovy.reflection.CachedClass.getFields(CachedClass.java:254)
	at groovy.lang.MetaClassImpl.addFields(MetaClassImpl.java:2363)
	at groovy.lang.MetaClassImpl.inheritFields(MetaClassImpl.java:2358)
	at groovy.lang.MetaClassImpl.setupProperties(MetaClassImpl.java:2248)
	at groovy.lang.MetaClassImpl.addProperties(MetaClassImpl.java:3255)
	at groovy.lang.MetaClassImpl.initialize(MetaClassImpl.java:3226)
	at org.codehaus.groovy.reflection.ClassInfo.getMetaClassUnderLock(ClassInfo.java:210)
	at org.codehaus.groovy.reflection.ClassInfo.getMetaClass(ClassInfo.java:241)
	at com.jayway.restassured.internal.ResponseSpecificationImpl.$getStaticMetaClass(ResponseSpecificationImpl.groovy)
	at com.jayway.restassured.internal.ResponseSpecificationImpl.&lt;init&gt;(ResponseSpecificationImpl.groovy:49)
	at com.jayway.restassured.internal.ResponseSpecificationImpl.&lt;init&gt;(ResponseSpecificationImpl.groovy:64)
	at com.jayway.restassured.RestAssured.createTestSpecification(RestAssured.java:1447)
	at com.jayway.restassured.RestAssured.given(RestAssured.java:741)
	at ApiRestAutomation.RestApi.GetUserdetails.Test_06(GetUserdetails.java:86)
	at sun.reflect.NativeMethodAccessorImpl.invoke0(Native Method)
	at sun.reflect.NativeMethodAccessorImpl.invoke(Unknown Source)
	at sun.reflect.DelegatingMethodAccessorImpl.invoke(Unknown Source)
	at java.lang.reflect.Method.invoke(Unknown Source)
	at org.testng.internal.MethodInvocationHelper.invokeMethod(MethodInvocationHelper.java:124)
	at org.testng.internal.Invoker.invokeMethod(Invoker.java:580)
	at org.testng.internal.Invoker.invokeTestMethod(Invoker.java:716)
	at org.testng.internal.Invoker.invokeTestMethods(Invoker.java:988)
	at org.testng.internal.TestMethodWorker.invokeTestMethods(TestMethodWorker.java:125)
	at org.testng.internal.TestMethodWorker.run(TestMethodWorker.java:109)
	at org.testng.TestRunner.privateRun(TestRunner.java:648)
	at org.testng.TestRunner.run(TestRunner.java:505)
	at org.testng.SuiteRunner.runTest(SuiteRunner.java:455)
	at org.testng.SuiteRunner.runSequentially(SuiteRunner.java:450)
	at org.testng.SuiteRunner.privateRun(SuiteRunner.java:415)
	at org.testng.SuiteRunner.run(SuiteRunner.java:364)
	at org.testng.SuiteRunnerWorker.runSuite(SuiteRunnerWorker.java:52)
	at org.testng.SuiteRunnerWorker.run(SuiteRunnerWorker.java:84)
	at org.testng.TestNG.runSuitesSequentially(TestNG.java:1208)
	at org.testng.TestNG.runSuitesLocally(TestNG.java:1137)
	at org.testng.TestNG.runSuites(TestNG.java:1049)
	at org.testng.TestNG.run(TestNG.java:1017)
	at org.testng.remote.AbstractRemoteTestNG.run(AbstractRemoteTestNG.java:114)
	at org.testng.remote.RemoteTestNG.initAndRun(RemoteTestNG.java:251)
	at org.testng.remote.RemoteTestNG.main(RemoteTestNG.java:77)
Caused by: java.lang.ClassNotFoundException: groovy.lang.Tuple2
	at java.net.URLClassLoader.findClass(Unknown Source)
	at java.lang.ClassLoader.loadClass(Unknown Source)
	at sun.misc.Launcher$AppClassLoader.loadClass(Unknown Source)
	at java.lang.ClassLoader.loadClass(Unknown Source)
	... 48 more
</div></td></tr></table><p class="totop"><a href="#summary">back to summary</a></p>
</body>
</html>
